<?xml version="1.0" encoding="UTF-8"?>
<testsuite name="GetRequest" tests="1" skipped="0" failures="0" errors="0" timestamp="2021-02-18T21:37:31" hostname="mahnazs-MBP" time="8.706">
  <properties/>
  <testcase name="getDetails" classname="GetRequest" time="8.706"/>
  <system-out><![CDATA[Names are:null
Address is:null
]]></system-out>
  <system-err><![CDATA[]]></system-err>
</testsuite>
